<?xml version="1.0" encoding="UTF-8"?>
<testng-results skipped="0" failed="0" ignored="0" total="2" passed="2">
  <reporter-output>
  </reporter-output>
  <suite name="Command line suite" duration-ms="34117" started-at="2019-11-23T21:31:53Z" finished-at="2019-11-23T21:32:27Z">
    <groups>
    </groups>
    <test name="Command line test" duration-ms="34117" started-at="2019-11-23T21:31:53Z" finished-at="2019-11-23T21:32:27Z">
      <class name="testcases.Testcase_verifyAddPayee">
        <test-method status="PASS" signature="setup()[pri:0, instance:testcases.Testcase_verifyAddPayee@1324409e]" name="setup" is-config="true" duration-ms="11606" started-at="2019-11-23T21:32:08Z" finished-at="2019-11-23T21:32:20Z">
          <reporter-output>
          </reporter-output>
        </test-method> <!-- setup -->
        <test-method status="PASS" signature="doAddPayee()[pri:0, instance:testcases.Testcase_verifyAddPayee@1324409e]" name="doAddPayee" duration-ms="6176" started-at="2019-11-23T21:32:20Z" finished-at="2019-11-23T21:32:26Z">
          <reporter-output>
          </reporter-output>
        </test-method> <!-- doAddPayee -->
        <test-method status="PASS" signature="tearDown()[pri:0, instance:testcases.Testcase_verifyAddPayee@1324409e]" name="tearDown" is-config="true" duration-ms="752" started-at="2019-11-23T21:32:26Z" finished-at="2019-11-23T21:32:27Z">
          <reporter-output>
          </reporter-output>
        </test-method> <!-- tearDown -->
      </class> <!-- testcases.Testcase_verifyAddPayee -->
      <class name="testcases.Testcase_Login">
        <test-method status="PASS" signature="setup()[pri:0, instance:testcases.Testcase_Login@180bc464]" name="setup" is-config="true" duration-ms="12388" started-at="2019-11-23T21:31:53Z" finished-at="2019-11-23T21:32:05Z">
          <reporter-output>
          </reporter-output>
        </test-method> <!-- setup -->
        <test-method status="PASS" signature="login()[pri:0, instance:testcases.Testcase_Login@180bc464]" name="login" duration-ms="2426" started-at="2019-11-23T21:32:05Z" finished-at="2019-11-23T21:32:08Z">
          <reporter-output>
          </reporter-output>
        </test-method> <!-- login -->
        <test-method status="PASS" signature="tearDown()[pri:0, instance:testcases.Testcase_Login@180bc464]" name="tearDown" is-config="true" duration-ms="726" started-at="2019-11-23T21:32:08Z" finished-at="2019-11-23T21:32:08Z">
          <reporter-output>
          </reporter-output>
        </test-method> <!-- tearDown -->
      </class> <!-- testcases.Testcase_Login -->
    </test> <!-- Command line test -->
  </suite> <!-- Command line suite -->
</testng-results>
